[2026-03-17 21:44:58] [Render thread/INFO] [CustomSkinLoader Core]: CustomSkinLoader 14.23
[2026-03-17 21:44:58] [Render thread/INFO] [CustomSkinLoader Core]: DataDir: E:\Minecraft\pcl\.minecraft\versions\洗手\CustomSkinLoader
[2026-03-17 21:44:58] [Render thread/INFO] [CustomSkinLoader Core]: Operating System: Windows 10 (amd64) version 10.0
[2026-03-17 21:44:58] [Render thread/INFO] [CustomSkinLoader Core]: Java Version: 17.0.1, Microsoft
[2026-03-17 21:44:58] [Render thread/INFO] [CustomSkinLoader Core]: Java VM Version: OpenJDK 64-Bit Server VM (mixed mode), Microsoft
[2026-03-17 21:44:58] [Render thread/INFO] [CustomSkinLoader Core]: Minecraft: 1.20.1
[2026-03-17 21:44:58] [Render thread/INFO] [CustomSkinLoader Core]: Config File: E:\Minecraft\pcl\.minecraft\versions\洗手\CustomSkinLoader\CustomSkinLoader.json
[2026-03-17 21:44:58] [Render thread/INFO] [CustomSkinLoader Core]: Try to load config.
[2026-03-17 21:44:58] [Render thread/INFO] [CustomSkinLoader Core]: Successfully load config.
[2026-03-17 21:44:58] [Render thread/INFO] [CustomSkinLoader Core]: Add a profile loader: MojangAPI
[2026-03-17 21:44:58] [Render thread/INFO] [CustomSkinLoader Core]: Add a profile loader: Legacy
[2026-03-17 21:44:58] [Render thread/INFO] [CustomSkinLoader Core]: Add a profile loader: CustomSkinAPI
[2026-03-17 21:44:58] [Render thread/INFO] [CustomSkinLoader Core]: Add a profile loader: CustomSKinAPIPlus
[2026-03-17 21:44:58] [Render thread/INFO] [CustomSkinLoader Core]: Add a profile loader: UniSkinAPI
[2026-03-17 21:44:58] [Render thread/INFO] [CustomSkinLoader Core]: Add a profile loader: ElyByAPI
[2026-03-17 21:44:58] [Render thread/INFO] [CustomSkinLoader Core]: Add a profile loader: GlitchlessAPI
[2026-03-17 21:44:58] [Render thread/INFO] [CustomSkinLoader Core]: Add a profile loader: MinecraftCapesAPI
[2026-03-17 21:44:58] [Render thread/INFO] [CustomSkinLoader Core]: Add a profile loader: WynntilsAPI
[2026-03-17 21:44:58] [Render thread/INFO] [CustomSkinLoader Core]: Successfully update config.
[2026-03-17 21:44:58] [Render thread/INFO] [CustomSkinLoader Core]: version : 14.23
[2026-03-17 21:44:58] [Render thread/INFO] [CustomSkinLoader Core]: buildNumber : 32
[2026-03-17 21:44:58] [Render thread/INFO] [CustomSkinLoader Core]: loadlist : [{ "name": "Mojang", "type": "MojangAPI", "apiRoot": "https://api.mojang.com/", "sessionRoot": "https://sessionserver.mojang.com/" }, { "name": "LittleSkin", "type": "CustomSkinAPI", "root": "https://littleskin.cn/csl/" }, { "name": "BlessingSkin", "type": "CustomSkinAPI", "root": "https://skin.prinzeugen.net/" }, { "name": "ElyBy", "type": "ElyByAPI", "root": "http://skinsystem.ely.by/textures/" }, { "name": "SkinMe", "type": "UniSkinAPI", "root": "http://www.skinme.cc/uniskin/" }, { "name": "TLauncher", "type": "ElyByAPI", "root": "https://auth.tlauncher.org/skin/profile/texture/login/" }, { "name": "GlitchlessGames", "type": "GlitchlessAPI", "root": "https://games.glitchless.ru/api/minecraft/users/profiles/textures/?nickname=" }, { "name": "LocalSkin", "type": "Legacy", "checkPNG": "false", "skin": "LocalSkin/skins/{USERNAME}.png", "model": "auto", "cape": "LocalSkin/capes/{USERNAME}.png", "elytra": "LocalSkin/elytras/{USERNAME}.png" }, { "name": "MinecraftCapes", "type": "MinecraftCapesAPI", "root": "https://api.minecraftcapes.net/profile/" }, { "name": "OptiFine", "type": "Legacy", "checkPNG": "false", "model": "auto", "cape": "https://optifine.net/capes/{USERNAME}.png" }, { "name": "Wynntils", "type": "WynntilsAPI", "root": "https://athena.wynntils.com/user/getInfo" }, { "name": "CloakPlus", "type": "Legacy", "checkPNG": "false", "model": "auto", "cape": "http://161.35.130.99/capes/{USERNAME}.png" }, { "name": "Cosmetica", "type": "Legacy", "checkPNG": "false", "model": "auto", "cape": "https://api.cosmetica.cc/get/cloak?username={USERNAME}&uuid={STANDARD_UUID}&nothirdparty" }]
[2026-03-17 21:44:58] [Render thread/INFO] [CustomSkinLoader Core]: enableDynamicSkull : true
[2026-03-17 21:44:58] [Render thread/INFO] [CustomSkinLoader Core]: enableTransparentSkin : true
[2026-03-17 21:44:58] [Render thread/INFO] [CustomSkinLoader Core]: forceLoadAllTextures : true
[2026-03-17 21:44:58] [Render thread/INFO] [CustomSkinLoader Core]: enableCape : true
[2026-03-17 21:44:58] [Render thread/INFO] [CustomSkinLoader Core]: threadPoolSize : 8
[2026-03-17 21:44:58] [Render thread/INFO] [CustomSkinLoader Core]: enableLogStdOut : false
[2026-03-17 21:44:58] [Render thread/INFO] [CustomSkinLoader Core]: cacheExpiry : 30
[2026-03-17 21:44:58] [Render thread/INFO] [CustomSkinLoader Core]: forceUpdateSkull : false
[2026-03-17 21:44:58] [Render thread/INFO] [CustomSkinLoader Core]: enableLocalProfileCache : false
[2026-03-17 21:44:58] [Render thread/INFO] [CustomSkinLoader Core]: enableCacheAutoClean : false
[2026-03-17 21:44:58] [Render thread/INFO] [CustomSkinLoader Core]: forceDisableCache : false
[2026-03-17 21:44:58] [White_Traveller/INFO] [CustomSkinLoader Core]: Loading White_Traveller's profile.
[2026-03-17 21:44:58] [White_Traveller/INFO] [CustomSkinLoader Core]: 1/13 Try to load profile from 'Mojang'.
[2026-03-17 21:44:58] [White_Traveller/DEBUG] [CustomSkinLoader Core]: Try to request 'https://api.mojang.com/profiles/minecraft'.
[2026-03-17 21:44:58] [White_Traveller/INFO] [CustomSkinLoader Core]: Payload: ["White_Traveller"]
[2026-03-17 21:44:59] [White_Traveller/DEBUG] [CustomSkinLoader Core]: Successfully request (Response Code: 200 , Content Length: 3)
[2026-03-17 21:44:59] [White_Traveller/DEBUG] [CustomSkinLoader Core]: Content: [ ]
[2026-03-17 21:44:59] [White_Traveller/INFO] [CustomSkinLoader Core]: Profile not found.(White_Traveller's profile not found.)
[2026-03-17 21:44:59] [White_Traveller/INFO] [CustomSkinLoader Core]: 2/13 Try to load profile from 'LittleSkin'.
[2026-03-17 21:44:59] [White_Traveller/DEBUG] [CustomSkinLoader Core]: Try to request 'https://littleskin.cn/csl/White_Traveller.json'.
[2026-03-17 21:44:59] [White_Traveller/DEBUG] [CustomSkinLoader Core]: Successfully request (Response Code: 200 , Content Length: 129)
[2026-03-17 21:44:59] [White_Traveller/DEBUG] [CustomSkinLoader Core]: Saved to cache (Length: 129 , Path: 'E:\Minecraft\pcl\.minecraft\versions\洗手\CustomSkinLoader\caches\cd63917058255eaf94dbfb8fc0907710d9366bd5' , Expire: 1773755194)
[2026-03-17 21:44:59] [White_Traveller/DEBUG] [CustomSkinLoader Core]: Content: {"username":"White_Traveller","skins":{"default":"d38f62a0f9b21c7c0d3a4f03465a5a76911f9dd65db897b6b6c58e8082fb02bd"},"cape":null}
[2026-03-17 21:44:59] [White_Traveller/INFO] [CustomSkinLoader Core]: 3/13 Try to load profile from 'BlessingSkin'.
[2026-03-17 21:44:59] [White_Traveller/DEBUG] [CustomSkinLoader Core]: Try to request 'https://skin.prinzeugen.net/White_Traveller.json'.
[2026-03-17 21:45:00] [White_Traveller/DEBUG] [CustomSkinLoader Core]: Failed to request (Response Code: 404)
[2026-03-17 21:45:00] [White_Traveller/INFO] [CustomSkinLoader Core]: Profile not found.
[2026-03-17 21:45:00] [White_Traveller/INFO] [CustomSkinLoader Core]: 4/13 Try to load profile from 'ElyBy'.
[2026-03-17 21:45:00] [White_Traveller/DEBUG] [CustomSkinLoader Core]: Try to request 'http://skinsystem.ely.by/textures/White_Traveller'.
[2026-03-17 21:45:01] [White_Traveller/DEBUG] [CustomSkinLoader Core]: Successfully request (Response Code: 204 , Content Length: -1)
[2026-03-17 21:45:01] [White_Traveller/DEBUG] [CustomSkinLoader Core]: Saved to cache (Length: 0 , Path: 'E:\Minecraft\pcl\.minecraft\versions\洗手\CustomSkinLoader\caches\d7f2bb3dcf494c550f4cbeef38150fa976c53b92' , Expire: 1773758705)
[2026-03-17 21:45:01] [White_Traveller/DEBUG] [CustomSkinLoader Core]: Content: 
[2026-03-17 21:45:01] [White_Traveller/INFO] [CustomSkinLoader Core]: Profile not found.
[2026-03-17 21:45:01] [White_Traveller/INFO] [CustomSkinLoader Core]: 5/13 Try to load profile from 'SkinMe'.
[2026-03-17 21:45:01] [White_Traveller/DEBUG] [CustomSkinLoader Core]: Try to request 'http://www.skinme.cc/uniskin/White_Traveller.json'.
[2026-03-17 21:45:01] [White_Traveller/DEBUG] [CustomSkinLoader Core]: Failed to request http://www.skinme.cc/uniskin/White_Traveller.json (Exception: java.net.UnknownHostException: www.skinme.cc)
[2026-03-17 21:45:01] [White_Traveller/INFO] [CustomSkinLoader Core]: Profile not found.
[2026-03-17 21:45:01] [White_Traveller/INFO] [CustomSkinLoader Core]: 6/13 Try to load profile from 'TLauncher'.
[2026-03-17 21:45:01] [White_Traveller/DEBUG] [CustomSkinLoader Core]: Try to request 'https://auth.tlauncher.org/skin/profile/texture/login/White_Traveller'.
[2026-03-17 21:45:11] [White_Traveller/DEBUG] [CustomSkinLoader Core]: Failed to request https://auth.tlauncher.org/skin/profile/texture/login/White_Traveller (Exception: java.net.SocketTimeoutException: Connect timed out)
[2026-03-17 21:45:11] [White_Traveller/DEBUG] [CustomSkinLoader Core]: Cache file found (Length: 2 , Path: 'E:\Minecraft\pcl\.minecraft\versions\洗手\CustomSkinLoader\caches\b0878b8be7a2245e0ced43803c9ddfcf0b5d0994' , Expire: 0)
[2026-03-17 21:45:11] [White_Traveller/INFO] [CustomSkinLoader Core]: Try to load from cache 'E:\Minecraft\pcl\.minecraft\versions\洗手\CustomSkinLoader\caches\b0878b8be7a2245e0ced43803c9ddfcf0b5d0994'.
[2026-03-17 21:45:11] [White_Traveller/DEBUG] [CustomSkinLoader Core]: Successfully load from cache
[2026-03-17 21:45:11] [White_Traveller/DEBUG] [CustomSkinLoader Core]: Content: {}
[2026-03-17 21:45:11] [White_Traveller/INFO] [CustomSkinLoader Core]: Both skin and cape not found.
[2026-03-17 21:45:11] [White_Traveller/INFO] [CustomSkinLoader Core]: 7/13 Try to load profile from 'GlitchlessGames'.
[2026-03-17 21:45:11] [White_Traveller/DEBUG] [CustomSkinLoader Core]: Try to request 'https://games.glitchless.ru/api/minecraft/users/profiles/textures/?nickname=White_Traveller'.
[2026-03-17 21:45:13] [White_Traveller/DEBUG] [CustomSkinLoader Core]: Failed to request (Response Code: 404)
[2026-03-17 21:45:13] [White_Traveller/INFO] [CustomSkinLoader Core]: Profile not found.
[2026-03-17 21:45:13] [White_Traveller/INFO] [CustomSkinLoader Core]: 8/13 Try to load profile from 'LocalSkin'.
[2026-03-17 21:45:13] [White_Traveller/INFO] [CustomSkinLoader Core]: No texture could be found.
[2026-03-17 21:45:13] [White_Traveller/INFO] [CustomSkinLoader Core]: 9/13 Try to load profile from 'MinecraftCapes'.
[2026-03-17 21:45:13] [White_Traveller/DEBUG] [CustomSkinLoader Core]: Try to request 'https://api.mojang.com/profiles/minecraft'.
[2026-03-17 21:45:13] [White_Traveller/INFO] [CustomSkinLoader Core]: Payload: ["White_Traveller"]
[2026-03-17 21:45:13] [White_Traveller/DEBUG] [CustomSkinLoader Core]: Successfully request (Response Code: 200 , Content Length: 3)
[2026-03-17 21:45:13] [White_Traveller/DEBUG] [CustomSkinLoader Core]: Content: [ ]
[2026-03-17 21:45:13] [White_Traveller/INFO] [CustomSkinLoader Core]: Profile url not found.
[2026-03-17 21:45:13] [White_Traveller/INFO] [CustomSkinLoader Core]: 10/13 Try to load profile from 'OptiFine'.
[2026-03-17 21:45:13] [White_Traveller/DEBUG] [CustomSkinLoader Core]: Try to request 'https://optifine.net/capes/White_Traveller.png'.
[2026-03-17 21:45:14] [White_Traveller/DEBUG] [CustomSkinLoader Core]: Failed to request (Response Code: 404)
[2026-03-17 21:45:14] [White_Traveller/INFO] [CustomSkinLoader Core]: No texture could be found.
[2026-03-17 21:45:14] [White_Traveller/INFO] [CustomSkinLoader Core]: 11/13 Try to load profile from 'Wynntils'.
[2026-03-17 21:45:14] [White_Traveller/DEBUG] [CustomSkinLoader Core]: Try to request 'https://api.mojang.com/profiles/minecraft'.
[2026-03-17 21:45:14] [White_Traveller/INFO] [CustomSkinLoader Core]: Payload: ["White_Traveller"]
[2026-03-17 21:45:14] [White_Traveller/DEBUG] [CustomSkinLoader Core]: Successfully request (Response Code: 200 , Content Length: 3)
[2026-03-17 21:45:14] [White_Traveller/DEBUG] [CustomSkinLoader Core]: Content: [ ]
[2026-03-17 21:45:14] [White_Traveller/INFO] [CustomSkinLoader Core]: Profile not found.
[2026-03-17 21:45:14] [White_Traveller/INFO] [CustomSkinLoader Core]: 12/13 Try to load profile from 'CloakPlus'.
[2026-03-17 21:45:14] [White_Traveller/DEBUG] [CustomSkinLoader Core]: Try to request 'http://161.35.130.99/capes/White_Traveller.png'.
[2026-03-17 21:45:18] [White_Traveller/DEBUG] [CustomSkinLoader Core]: Failed to request (Response Code: 404)
[2026-03-17 21:45:18] [White_Traveller/INFO] [CustomSkinLoader Core]: No texture could be found.
[2026-03-17 21:45:18] [White_Traveller/INFO] [CustomSkinLoader Core]: 13/13 Try to load profile from 'Cosmetica'.
[2026-03-17 21:45:18] [White_Traveller/DEBUG] [CustomSkinLoader Core]: Try to request 'https://api.mojang.com/profiles/minecraft'.
[2026-03-17 21:45:18] [White_Traveller/INFO] [CustomSkinLoader Core]: Payload: ["White_Traveller"]
[2026-03-17 21:45:19] [White_Traveller/DEBUG] [CustomSkinLoader Core]: Successfully request (Response Code: 200 , Content Length: 3)
[2026-03-17 21:45:19] [White_Traveller/DEBUG] [CustomSkinLoader Core]: Content: [ ]
[2026-03-17 21:45:19] [White_Traveller/INFO] [CustomSkinLoader Core]: No texture could be found.
[2026-03-17 21:45:19] [White_Traveller/INFO] [CustomSkinLoader Core]: White_Traveller's profile loaded.
[2026-03-17 21:45:19] [White_Traveller/INFO] [CustomSkinLoader Core]: (SkinUrl: https://littleskin.cn/csl/textures/d38f62a0f9b21c7c0d3a4f03465a5a76911f9dd65db897b6b6c58e8082fb02bd , Model: default , CapeUrl: null  , Expiry: 1773755149)
